#
# There is insufficient memory for the Java Runtime Environment to continue.
# Native memory allocation (malloc) failed to allocate 1536320 bytes for Chunk::new
# Possible reasons:
#   The system is out of physical RAM or swap space
#   In 32 bit mode, the process size limit was hit
# Possible solutions:
#   Reduce memory load on the system
#   Increase physical memory or swap space
#   Check if swap backing store is full
#   Use 64 bit Java on a 64 bit OS
#   Decrease Java heap size (-Xmx/-Xms)
#   Decrease number of Java threads
#   Decrease Java thread stack sizes (-Xss)
#   Set larger code cache with -XX:ReservedCodeCacheSize=
# This output file may be truncated or incomplete.
#
#  Out of Memory Error (allocation.cpp:390), pid=14208, tid=0x0000000000003660
#
# JRE version: Java(TM) SE Runtime Environment (8.0_171-b11) (build 1.8.0_171-b11)
# Java VM: Java HotSpot(TM) 64-Bit Server VM (25.171-b11 mixed mode windows-amd64 compressed oops)
# Failed to write core dump. Minidumps are not enabled by default on client versions of Windows
#

---------------  T H R E A D  ---------------

Current thread (0x00000000192f4000):  JavaThread "C2 CompilerThread1" daemon [_thread_in_native, id=13920, stack(0x0000000019740000,0x0000000019840000)]

Stack: [0x0000000019740000,0x0000000019840000]
[error occurred during error reporting (printing stack bounds), id 0xc0000005]

Native frames: (J=compiled Java code, j=interpreted, Vv=VM code, C=native code)


Current CompileTask:
C2:  21146 5624       4       org.springframework.transaction.interceptor.TransactionAttributeSourcePointcut::matches (55 bytes)


---------------  P R O C E S S  ---------------

Java Threads: ( => current thread )
  0x000000001ad77800 JavaThread "Live Reload Server" daemon [_thread_in_native, id=8436, stack(0x00000000230f0000,0x00000000231f0000)]
  0x000000001ad7c000 JavaThread "container-0" [_thread_blocked, id=7956, stack(0x0000000022ef0000,0x0000000022ff0000)]
  0x000000001ad7d000 JavaThread "ContainerBackgroundProcessor[StandardEngine[Tomcat]]" daemon [_thread_blocked, id=7524, stack(0x0000000022df0000,0x0000000022ef0000)]
  0x000000001ad79000 JavaThread "HikariPool-1 housekeeper" daemon [_thread_blocked, id=2556, stack(0x0000000021c50000,0x0000000021d50000)]
  0x000000001ad7d800 JavaThread "Abandoned connection cleanup thread" daemon [_thread_blocked, id=13964, stack(0x000000001c810000,0x000000001c910000)]
  0x000000001a70c000 JavaThread "restartedMain" [_thread_in_Java, id=8476, stack(0x000000001b4c0000,0x000000001b5c0000)]
  0x000000001a495000 JavaThread "Thread-0" [_thread_blocked, id=13428, stack(0x000000001b3c0000,0x000000001b4c0000)]
  0x0000000019995000 JavaThread "Service Thread" daemon [_thread_blocked, id=13652, stack(0x000000001a140000,0x000000001a240000)]
  0x00000000192f6000 JavaThread "C1 CompilerThread2" daemon [_thread_in_native, id=14244, stack(0x0000000019840000,0x0000000019940000)]
=>0x00000000192f4000 JavaThread "C2 CompilerThread1" daemon [_thread_in_native, id=13920, stack(0x0000000019740000,0x0000000019840000)]
  0x00000000192f3800 JavaThread "C2 CompilerThread0" daemon [_thread_in_native, id=4628, stack(0x0000000019640000,0x0000000019740000)]
  0x00000000192d8800 JavaThread "Monitor Ctrl-Break" daemon [_thread_in_native, id=13848, stack(0x0000000019540000,0x0000000019640000)]
  0x0000000017bb9000 JavaThread "Attach Listener" daemon [_thread_blocked, id=3604, stack(0x0000000019440000,0x0000000019540000)]
  0x0000000018f83800 JavaThread "Signal Dispatcher" daemon [_thread_blocked, id=14032, stack(0x0000000019340000,0x0000000019440000)]
  0x0000000017b7f000 JavaThread "Finalizer" daemon [_thread_blocked, id=5652, stack(0x0000000018de0000,0x0000000018ee0000)]
  0x0000000003037000 JavaThread "Reference Handler" daemon [_thread_blocked, id=14128, stack(0x0000000018ce0000,0x0000000018de0000)]
  0x0000000002d5d800 JavaThread "main" [_thread_blocked, id=2216, stack(0x0000000002c40000,0x0000000002d40000)]

Other Threads:
  0x0000000017b57000 VMThread [stack: 0x0000000018be0000,0x0000000018ce0000] [id=13632]
  0x0000000019a04800 WatcherThread [stack: 0x000000001a240000,0x000000001a340000] [id=13792]

VM state:not at safepoint (normal execution)

VM Mutex/Monitor currently owned by a thread: None

Heap:
 PSYoungGen      total 206848K, used 110479K [0x00000000d5d80000, 0x00000000e6c00000, 0x0000000100000000)
  eden space 189952K, 58% used [0x00000000d5d80000,0x00000000dc963de8,0x00000000e1700000)
  from space 16896K, 0% used [0x00000000e1700000,0x00000000e1700000,0x00000000e2780000)
  to   space 16896K, 0% used [0x00000000e5b80000,0x00000000e5b80000,0x00000000e6c00000)
 ParOldGen       total 93696K, used 26360K [0x0000000081800000, 0x0000000087380000, 0x00000000d5d80000)
  object space 93696K, 28% used [0x0000000081800000,0x00000000831be2a0,0x0000000087380000)
 Metaspace       used 61134K, capacity 63742K, committed 63892K, reserved 1103872K
  class space    used 8343K, capacity 8819K, committed 8892K, reserved 1048576K

Card table byte_map: [0x0000000012400000,0x0000000012800000] byte_map_base: 0x0000000011ff4000

Marking Bits: (ParMarkBitMap*) 0x000000005f6808c0
 Begin Bits: [0x0000000012eb0000, 0x0000000014e50000)
 End Bits:   [0x0000000014e50000, 0x0000000016df0000)

Polling page: 0x0000000001380000

CodeCache: size=245760Kb used=17847Kb max_used=17847Kb free=227912Kb
 bounds [0x0000000003040000, 0x00000000041c0000, 0x0000000012040000]
 total_blobs=5665 nmethods=5131 adapters=445
 compilation: enabled

Compilation events (10 events):
Event: 21.060 Thread 0x00000000192f6000 5748       2       java.util.Calendar::getBaseStyle (5 bytes)
Event: 21.060 Thread 0x00000000192f6000 nmethod 5748 0x00000000041ab090 code [0x00000000041ab1e0, 0x00000000041ab330]
Event: 21.079 Thread 0x00000000192f6000 5749  s    2       java.lang.reflect.Field::declaredAnnotations (59 bytes)
Event: 21.080 Thread 0x00000000192f6000 nmethod 5749 0x00000000041ab390 code [0x00000000041ab520, 0x00000000041ab908]
Event: 21.088 Thread 0x00000000192f6000 5750       2       org.springframework.core.ResolvableType::forMethodParameter (49 bytes)
Event: 21.089 Thread 0x00000000192f6000 nmethod 5750 0x00000000041abb10 code [0x00000000041abce0, 0x00000000041ac118]
Event: 21.091 Thread 0x00000000192f6000 5752   !   2       com.sun.proxy.$Proxy10::annotationType (29 bytes)
Event: 21.092 Thread 0x00000000192f6000 nmethod 5752 0x00000000041ac450 code [0x00000000041ac5e0, 0x00000000041ac898]
Event: 21.095 Thread 0x00000000192f6000 5753       2       org.springframework.core.annotation.AnnotationUtils$AliasDescriptor::from (62 bytes)
Event: 21.096 Thread 0x00000000192f6000 nmethod 5753 0x00000000041aca10 code [0x00000000041acc20, 0x00000000041ad1f8]

GC Heap History (10 events):
Event: 8.718 GC heap before
{Heap before GC invocations=10 (full 2):
 PSYoungGen      total 162816K, used 11252K [0x00000000d5d80000, 0x00000000e3300000, 0x0000000100000000)
  eden space 151552K, 0% used [0x00000000d5d80000,0x00000000d5d80000,0x00000000df180000)
  from space 11264K, 99% used [0x00000000dff80000,0x00000000e0a7d2d8,0x00000000e0a80000)
  to   space 14336K, 0% used [0x00000000df180000,0x00000000df180000,0x00000000dff80000)
 ParOldGen       total 60416K, used 15561K [0x0000000081800000, 0x0000000085300000, 0x00000000d5d80000)
  object space 60416K, 25% used [0x0000000081800000,0x0000000082732530,0x0000000085300000)
 Metaspace       used 33807K, capacity 35394K, committed 35416K, reserved 1079296K
  class space    used 4403K, capacity 4719K, committed 4736K, reserved 1048576K
Event: 8.820 GC heap after
Heap after GC invocations=10 (full 2):
 PSYoungGen      total 162816K, used 0K [0x00000000d5d80000, 0x00000000e3300000, 0x0000000100000000)
  eden space 151552K, 0% used [0x00000000d5d80000,0x00000000d5d80000,0x00000000df180000)
  from space 11264K, 0% used [0x00000000dff80000,0x00000000dff80000,0x00000000e0a80000)
  to   space 14336K, 0% used [0x00000000df180000,0x00000000df180000,0x00000000dff80000)
 ParOldGen       total 93696K, used 18666K [0x0000000081800000, 0x0000000087380000, 0x00000000d5d80000)
  object space 93696K, 19% used [0x0000000081800000,0x0000000082a3aa98,0x0000000087380000)
 Metaspace       used 33807K, capacity 35394K, committed 35416K, reserved 1079296K
  class space    used 4403K, capacity 4719K, committed 4736K, reserved 1048576K
}
Event: 10.157 GC heap before
{Heap before GC invocations=11 (full 2):
 PSYoungGen      total 162816K, used 151552K [0x00000000d5d80000, 0x00000000e3300000, 0x0000000100000000)
  eden space 151552K, 100% used [0x00000000d5d80000,0x00000000df180000,0x00000000df180000)
  from space 11264K, 0% used [0x00000000dff80000,0x00000000dff80000,0x00000000e0a80000)
  to   space 14336K, 0% used [0x00000000df180000,0x00000000df180000,0x00000000dff80000)
 ParOldGen       total 93696K, used 18666K [0x0000000081800000, 0x0000000087380000, 0x00000000d5d80000)
  object space 93696K, 19% used [0x0000000081800000,0x0000000082a3aa98,0x0000000087380000)
 Metaspace       used 39838K, capacity 41520K, committed 41816K, reserved 1085440K
  class space    used 5306K, capacity 5654K, committed 5760K, reserved 1048576K
Event: 10.171 GC heap after
Heap after GC invocations=11 (full 2):
 PSYoungGen      total 165888K, used 7656K [0x00000000d5d80000, 0x00000000e3600000, 0x0000000100000000)
  eden space 151552K, 0% used [0x00000000d5d80000,0x00000000d5d80000,0x00000000df180000)
  from space 14336K, 53% used [0x00000000df180000,0x00000000df8fa390,0x00000000dff80000)
  to   space 13824K, 0% used [0x00000000e2880000,0x00000000e2880000,0x00000000e3600000)
 ParOldGen       total 93696K, used 18674K [0x0000000081800000, 0x0000000087380000, 0x00000000d5d80000)
  object space 93696K, 19% used [0x0000000081800000,0x0000000082a3ca98,0x0000000087380000)
 Metaspace       used 39838K, capacity 41520K, committed 41816K, reserved 1085440K
  class space    used 5306K, capacity 5654K, committed 5760K, reserved 1048576K
}
Event: 16.306 GC heap before
{Heap before GC invocations=12 (full 2):
 PSYoungGen      total 165888K, used 159208K [0x00000000d5d80000, 0x00000000e3600000, 0x0000000100000000)
  eden space 151552K, 100% used [0x00000000d5d80000,0x00000000df180000,0x00000000df180000)
  from space 14336K, 53% used [0x00000000df180000,0x00000000df8fa390,0x00000000dff80000)
  to   space 13824K, 0% used [0x00000000e2880000,0x00000000e2880000,0x00000000e3600000)
 ParOldGen       total 93696K, used 18674K [0x0000000081800000, 0x0000000087380000, 0x00000000d5d80000)
  object space 93696K, 19% used [0x0000000081800000,0x0000000082a3ca98,0x0000000087380000)
 Metaspace       used 52746K, capacity 54616K, committed 55000K, reserved 1097728K
  class space    used 7192K, capacity 7554K, committed 7680K, reserved 1048576K
Event: 16.335 GC heap after
Heap after GC invocations=12 (full 2):
 PSYoungGen      total 203776K, used 13809K [0x00000000d5d80000, 0x00000000e3800000, 0x0000000100000000)
  eden space 189952K, 0% used [0x00000000d5d80000,0x00000000d5d80000,0x00000000e1700000)
  from space 13824K, 99% used [0x00000000e2880000,0x00000000e35fc5a8,0x00000000e3600000)
  to   space 16896K, 0% used [0x00000000e1700000,0x00000000e1700000,0x00000000e2780000)
 ParOldGen       total 93696K, used 21700K [0x0000000081800000, 0x0000000087380000, 0x00000000d5d80000)
  object space 93696K, 23% used [0x0000000081800000,0x0000000082d311f0,0x0000000087380000)
 Metaspace       used 52746K, capacity 54616K, committed 55000K, reserved 1097728K
  class space    used 7192K, capacity 7554K, committed 7680K, reserved 1048576K
}
Event: 18.206 GC heap before
{Heap before GC invocations=13 (full 2):
 PSYoungGen      total 203776K, used 58402K [0x00000000d5d80000, 0x00000000e3800000, 0x0000000100000000)
  eden space 189952K, 23% used [0x00000000d5d80000,0x00000000d890c5a0,0x00000000e1700000)
  from space 13824K, 99% used [0x00000000e2880000,0x00000000e35fc5a8,0x00000000e3600000)
  to   space 16896K, 0% used [0x00000000e1700000,0x00000000e1700000,0x00000000e2780000)
 ParOldGen       total 93696K, used 21700K [0x0000000081800000, 0x0000000087380000, 0x00000000d5d80000)
  object space 93696K, 23% used [0x0000000081800000,0x0000000082d311f0,0x0000000087380000)
 Metaspace       used 56615K, capacity 58944K, committed 59028K, reserved 1099776K
  class space    used 7693K, capacity 8116K, committed 8124K, reserved 1048576K
Event: 18.257 GC heap after
Heap after GC invocations=13 (full 2):
 PSYoungGen      total 206848K, used 10608K [0x00000000d5d80000, 0x00000000e6c00000, 0x0000000100000000)
  eden space 189952K, 0% used [0x00000000d5d80000,0x00000000d5d80000,0x00000000e1700000)
  from space 16896K, 62% used [0x00000000e1700000,0x00000000e215c3b0,0x00000000e2780000)
  to   space 16896K, 0% used [0x00000000e5b80000,0x00000000e5b80000,0x00000000e6c00000)
 ParOldGen       total 93696K, used 21708K [0x0000000081800000, 0x0000000087380000, 0x00000000d5d80000)
  object space 93696K, 23% used [0x0000000081800000,0x0000000082d331f0,0x0000000087380000)
 Metaspace       used 56615K, capacity 58944K, committed 59028K, reserved 1099776K
  class space    used 7693K, capacity 8116K, committed 8124K, reserved 1048576K
}
Event: 18.257 GC heap before
{Heap before GC invocations=14 (full 3):
 PSYoungGen      total 206848K, used 10608K [0x00000000d5d80000, 0x00000000e6c00000, 0x0000000100000000)
  eden space 189952K, 0% used [0x00000000d5d80000,0x00000000d5d80000,0x00000000e1700000)
  from space 16896K, 62% used [0x00000000e1700000,0x00000000e215c3b0,0x00000000e2780000)
  to   space 16896K, 0% used [0x00000000e5b80000,0x00000000e5b80000,0x00000000e6c00000)
 ParOldGen       total 93696K, used 21708K [0x0000000081800000, 0x0000000087380000, 0x00000000d5d80000)
  object space 93696K, 23% used [0x0000000081800000,0x0000000082d331f0,0x0000000087380000)
 Metaspace       used 56615K, capacity 58944K, committed 59028K, reserved 1099776K
  class space    used 7693K, capacity 8116K, committed 8124K, reserved 1048576K
Event: 18.599 GC heap after
Heap after GC invocations=14 (full 3):
 PSYoungGen      total 206848K, used 0K [0x00000000d5d80000, 0x00000000e6c00000, 0x0000000100000000)
  eden space 189952K, 0% used [0x00000000d5d80000,0x00000000d5d80000,0x00000000e1700000)
  from space 16896K, 0% used [0x00000000e1700000,0x00000000e1700000,0x00000000e2780000)
  to   space 16896K, 0% used [0x00000000e5b80000,0x00000000e5b80000,0x00000000e6c00000)
 ParOldGen       total 93696K, used 26360K [0x0000000081800000, 0x0000000087380000, 0x00000000d5d80000)
  object space 93696K, 28% used [0x0000000081800000,0x00000000831be2a0,0x0000000087380000)
 Metaspace       used 56615K, capacity 58944K, committed 59028K, reserved 1099776K
  class space    used 7693K, capacity 8116K, committed 8124K, reserved 1048576K
}

Deoptimization events (10 events):
Event: 20.837 Thread 0x000000001a70c000 Uncommon trap: reason=unstable_if action=reinterpret pc=0x0000000003d79b54 method=java.util.concurrent.ConcurrentHashMap.putVal(Ljava/lang/Object;Ljava/lang/Object;Z)Ljava/lang/Object; @ 331
Event: 20.838 Thread 0x000000001a70c000 Uncommon trap: reason=unstable_if action=reinterpret pc=0x0000000004155944 method=java.util.concurrent.ConcurrentHashMap.get(Ljava/lang/Object;)Ljava/lang/Object; @ 86
Event: 20.839 Thread 0x000000001a70c000 Uncommon trap: reason=unstable_if action=reinterpret pc=0x0000000003e38b8c method=java.util.concurrent.ConcurrentHashMap.get(Ljava/lang/Object;)Ljava/lang/Object; @ 86
Event: 20.840 Thread 0x000000001a70c000 Uncommon trap: reason=unstable_if action=reinterpret pc=0x00000000034b36b8 method=java.util.concurrent.ConcurrentHashMap.transfer([Ljava/util/concurrent/ConcurrentHashMap$Node;[Ljava/util/concurrent/ConcurrentHashMap$Node;)V @ 356
Event: 20.841 Thread 0x000000001a70c000 Uncommon trap: reason=unstable_if action=reinterpret pc=0x00000000034ab93c method=java.util.concurrent.ConcurrentHashMap.transfer([Ljava/util/concurrent/ConcurrentHashMap$Node;[Ljava/util/concurrent/ConcurrentHashMap$Node;)V @ 356
Event: 21.091 Thread 0x000000001a70c000 Uncommon trap: reason=class_check action=maybe_recompile pc=0x000000000418b1c0 method=org.springframework.core.annotation.AnnotatedElementUtils.searchWithFindSemantics(Ljava/lang/reflect/AnnotatedElement;Ljava/util/Set;Ljava/lang/String;Ljava/lang/Class;L
Event: 21.091 Thread 0x000000001a70c000 Uncommon trap: reason=class_check action=maybe_recompile pc=0x000000000418babc method=org.springframework.core.annotation.AnnotatedElementUtils.searchWithFindSemantics(Ljava/lang/reflect/AnnotatedElement;Ljava/util/Set;Ljava/lang/String;Ljava/lang/Class;L
Event: 21.094 Thread 0x000000001a70c000 Uncommon trap: reason=class_check action=maybe_recompile pc=0x000000000408cb6c method=org.springframework.util.ReflectionUtils.doWithMethods(Ljava/lang/Class;Lorg/springframework/util/ReflectionUtils$MethodCallback;Lorg/springframework/util/ReflectionUtil
Event: 21.094 Thread 0x000000001a70c000 Uncommon trap: reason=class_check action=maybe_recompile pc=0x000000000408c700 method=org.springframework.util.ReflectionUtils.doWithMethods(Ljava/lang/Class;Lorg/springframework/util/ReflectionUtils$MethodCallback;Lorg/springframework/util/ReflectionUtil
Event: 21.113 Thread 0x000000001a70c000 Uncommon trap: reason=class_check action=maybe_recompile pc=0x000000000408c700 method=org.springframework.util.ReflectionUtils.doWithMethods(Ljava/lang/Class;Lorg/springframework/util/ReflectionUtils$MethodCallback;Lorg/springframework/util/ReflectionUtil

Classes redefined (0 events):
No events

Internal exceptions (10 events):
Event: 20.163 Thread 0x000000001a70c000 Exception <a 'java/lang/ClassNotFoundException': java/lang/ObjectCustomizer> (0x00000000d8e12060) thrown at [C:\re\workspace\8-2-build-windows-amd64-cygwin\jdk8u171\10807\hotspot\src\share\vm\classfile\systemDictionary.cpp, line 210]
Event: 20.166 Thread 0x000000001a70c000 Exception <a 'java/lang/ClassNotFoundException': org/springframework/security/config/annotation/web/configuration/WebSecurityConfigurationCustomizer> (0x00000000d8e386d0) thrown at [C:\re\workspace\8-2-build-windows-amd64-cygwin\jdk8u171\10807\hotspot\src
Event: 20.169 Thread 0x000000001a70c000 Exception <a 'java/lang/ClassNotFoundException': org/springframework/security/config/annotation/web/configuration/WebSecurityConfiguration$$EnhancerBySpringCGLIB$$d1102b7eCustomizer> (0x00000000d8e70760) thrown at [C:\re\workspace\8-2-build-windows-amd64-
Event: 20.172 Thread 0x000000001a70c000 Exception <a 'java/lang/ClassNotFoundException': org/springframework/context/annotation/ConfigurationClassEnhancer$EnhancedConfigurationCustomizer> (0x00000000d8e9e920) thrown at [C:\re\workspace\8-2-build-windows-amd64-cygwin\jdk8u171\10807\hotspot\src\s
Event: 20.173 Thread 0x000000001a70c000 Exception <a 'java/lang/ClassNotFoundException': org/springframework/beans/factory/BeanFactoryAwareCustomizer> (0x00000000d8eb69f0) thrown at [C:\re\workspace\8-2-build-windows-amd64-cygwin\jdk8u171\10807\hotspot\src\share\vm\classfile\systemDictionary.cp
Event: 20.173 Thread 0x000000001a70c000 Exception <a 'java/lang/ClassNotFoundException': org/springframework/beans/factory/AwareCustomizer> (0x00000000d8eccc60) thrown at [C:\re\workspace\8-2-build-windows-amd64-cygwin\jdk8u171\10807\hotspot\src\share\vm\classfile\systemDictionary.cpp, line 210
Event: 20.174 Thread 0x000000001a70c000 Exception <a 'java/lang/ClassNotFoundException': org/springframework/context/annotation/ImportAwareCustomizer> (0x00000000d8ee4bf0) thrown at [C:\re\workspace\8-2-build-windows-amd64-cygwin\jdk8u171\10807\hotspot\src\share\vm\classfile\systemDictionary.cp
Event: 20.175 Thread 0x000000001a70c000 Exception <a 'java/lang/ClassNotFoundException': org/springframework/beans/factory/AwareCustomizer> (0x00000000d8efaa48) thrown at [C:\re\workspace\8-2-build-windows-amd64-cygwin\jdk8u171\10807\hotspot\src\share\vm\classfile\systemDictionary.cpp, line 210
Event: 20.176 Thread 0x000000001a70c000 Exception <a 'java/lang/ClassNotFoundException': org/springframework/beans/factory/BeanClassLoaderAwareCustomizer> (0x00000000d8f13ad8) thrown at [C:\re\workspace\8-2-build-windows-amd64-cygwin\jdk8u171\10807\hotspot\src\share\vm\classfile\systemDictionar
Event: 20.177 Thread 0x000000001a70c000 Exception <a 'java/lang/ClassNotFoundException': org/springframework/beans/factory/AwareCustomizer> (0x00000000d8f29910) thrown at [C:\re\workspace\8-2-build-windows-amd64-cygwin\jdk8u171\10807\hotspot\src\share\vm\classfile\systemDictionary.cpp, line 210

Events (10 events):
Event: 21.110 loading class org/springframework/web/servlet/mvc/condition/MediaTypeExpression done
Event: 21.110 loading class org/springframework/web/servlet/mvc/condition/ProducesRequestCondition$ProduceMediaTypeExpression
Event: 21.110 loading class org/springframework/web/servlet/mvc/condition/ProducesRequestCondition$ProduceMediaTypeExpression done
Event: 21.111 loading class org/springframework/web/servlet/mvc/condition/RequestConditionHolder
Event: 21.111 loading class org/springframework/web/servlet/mvc/condition/RequestConditionHolder done
Event: 21.113 Thread 0x000000001a70c000 Uncommon trap: trap_request=0xffffffde fr.pc=0x000000000408c700
Event: 21.113 Thread 0x000000001a70c000 DEOPT PACKING pc=0x000000000408c700 sp=0x000000001b5bdb40
Event: 21.113 Thread 0x000000001a70c000 DEOPT UNPACKING pc=0x000000000308583b sp=0x000000001b5bdbe0 mode 2
Event: 21.114 loading class org/springframework/web/servlet/handler/AbstractHandlerMethodMapping$MappingRegistration
Event: 21.114 loading class org/springframework/web/servlet/handler/AbstractHandlerMethodMapping$MappingRegistration done


Dynamic libraries:
0x00007ff672190000 - 0x00007ff6721c7000 	C:\Program Files\Java\jdk1.8.0_171\bin\java.exe
0x00007ff8c3e10000 - 0x00007ff8c3ff1000 	C:\WINDOWS\SYSTEM32\ntdll.dll
0x00007ff8c3d20000 - 0x00007ff8c3dd2000 	C:\WINDOWS\System32\KERNEL32.DLL
0x00007ff8c03d0000 - 0x00007ff8c0643000 	C:\WINDOWS\System32\KERNELBASE.dll
0x00007ff8c1dd0000 - 0x00007ff8c1e71000 	C:\WINDOWS\System32\ADVAPI32.dll
0x00007ff8c1c10000 - 0x00007ff8c1cae000 	C:\WINDOWS\System32\msvcrt.dll
0x00007ff8c35d0000 - 0x00007ff8c362b000 	C:\WINDOWS\System32\sechost.dll
0x00007ff8c3630000 - 0x00007ff8c3754000 	C:\WINDOWS\System32\RPCRT4.dll
0x00007ff8c3350000 - 0x00007ff8c34e0000 	C:\WINDOWS\System32\USER32.dll
0x00007ff8c0d60000 - 0x00007ff8c0d80000 	C:\WINDOWS\System32\win32u.dll
0x00007ff8c1ee0000 - 0x00007ff8c1f08000 	C:\WINDOWS\System32\GDI32.dll
0x00007ff8c0230000 - 0x00007ff8c03c2000 	C:\WINDOWS\System32\gdi32full.dll
0x00007ff8c0e00000 - 0x00007ff8c0e9f000 	C:\WINDOWS\System32\msvcp_win.dll
0x00007ff8c11a0000 - 0x00007ff8c129a000 	C:\WINDOWS\System32\ucrtbase.dll
0x00007ff8b22c0000 - 0x00007ff8b2529000 	C:\WINDOWS\WinSxS\amd64_microsoft.windows.common-controls_6595b64144ccf1df_6.0.17134.471_none_fb3e9aab3068fc16\COMCTL32.dll
0x00007ff8c3760000 - 0x00007ff8c3a82000 	C:\WINDOWS\System32\combase.dll
0x00007ff8c0d80000 - 0x00007ff8c0dfa000 	C:\WINDOWS\System32\bcryptPrimitives.dll
0x00007ff8c1b70000 - 0x00007ff8c1b9d000 	C:\WINDOWS\System32\IMM32.DLL
0x00000000603f0000 - 0x00000000604c2000 	C:\Program Files\Java\jdk1.8.0_171\jre\bin\msvcr100.dll
0x000000005ee60000 - 0x000000005f700000 	C:\Program Files\Java\jdk1.8.0_171\jre\bin\server\jvm.dll
0x00007ff8c3bd0000 - 0x00007ff8c3bd8000 	C:\WINDOWS\System32\PSAPI.DLL
0x00007ff8bd070000 - 0x00007ff8bd079000 	C:\WINDOWS\SYSTEM32\WSOCK32.dll
0x00007ff8c3a90000 - 0x00007ff8c3afc000 	C:\WINDOWS\System32\WS2_32.dll
0x00007ff8b7d30000 - 0x00007ff8b7d53000 	C:\WINDOWS\SYSTEM32\WINMM.dll
0x00007ff8b7d60000 - 0x00007ff8b7d6a000 	C:\WINDOWS\SYSTEM32\VERSION.dll
0x00007ff8b7d00000 - 0x00007ff8b7d2a000 	C:\WINDOWS\SYSTEM32\WINMMBASE.dll
0x00007ff8c01e0000 - 0x00007ff8c0229000 	C:\WINDOWS\System32\cfgmgr32.dll
0x00000000603e0000 - 0x00000000603ef000 	C:\Program Files\Java\jdk1.8.0_171\jre\bin\verify.dll
0x00000000603b0000 - 0x00000000603d9000 	C:\Program Files\Java\jdk1.8.0_171\jre\bin\java.dll
0x000000005ebc0000 - 0x000000005ebe3000 	C:\Program Files\Java\jdk1.8.0_171\jre\bin\instrument.dll
0x0000000060390000 - 0x00000000603a6000 	C:\Program Files\Java\jdk1.8.0_171\jre\bin\zip.dll
0x00007ff8c1f10000 - 0x00007ff8c3350000 	C:\WINDOWS\System32\SHELL32.dll
0x00007ff8c3c70000 - 0x00007ff8c3d19000 	C:\WINDOWS\System32\shcore.dll
0x00007ff8c0650000 - 0x00007ff8c0d5d000 	C:\WINDOWS\System32\windows.storage.dll
0x00007ff8c1e80000 - 0x00007ff8c1ed1000 	C:\WINDOWS\System32\shlwapi.dll
0x00007ff8c01a0000 - 0x00007ff8c01b1000 	C:\WINDOWS\System32\kernel.appcore.dll
0x00007ff8c01c0000 - 0x00007ff8c01df000 	C:\WINDOWS\System32\profapi.dll
0x00007ff8c0130000 - 0x00007ff8c017c000 	C:\WINDOWS\System32\powrprof.dll
0x00007ff8c0120000 - 0x00007ff8c012a000 	C:\WINDOWS\System32\FLTLIB.DLL
0x00007ff8ab410000 - 0x00007ff8ab42a000 	C:\Program Files\JetBrains\IntelliJ IDEA 2018.1.3\bin\breakgen64.dll
0x0000000060290000 - 0x00000000602aa000 	C:\Program Files\Java\jdk1.8.0_171\jre\bin\net.dll
0x00007ff8bf9a0000 - 0x00007ff8bfa06000 	C:\WINDOWS\system32\mswsock.dll
0x0000000060190000 - 0x000000006019d000 	C:\Program Files\Java\jdk1.8.0_171\jre\bin\management.dll
0x00007ff8b5f30000 - 0x00007ff8b5f46000 	C:\WINDOWS\system32\napinsp.dll
0x00007ff8b5c60000 - 0x00007ff8b5c7a000 	C:\WINDOWS\system32\pnrpnsp.dll
0x00007ff8bcf30000 - 0x00007ff8bcf49000 	C:\WINDOWS\system32\NLAapi.dll
0x00007ff8bf760000 - 0x00007ff8bf81e000 	C:\WINDOWS\SYSTEM32\DNSAPI.dll
0x00007ff8c1c00000 - 0x00007ff8c1c08000 	C:\WINDOWS\System32\NSI.dll
0x00007ff8bf720000 - 0x00007ff8bf758000 	C:\WINDOWS\SYSTEM32\IPHLPAPI.DLL
0x00007ff8b5a90000 - 0x00007ff8b5a9e000 	C:\WINDOWS\System32\winrnr.dll
0x00007ff8b5a70000 - 0x00007ff8b5a85000 	C:\WINDOWS\System32\wshbth.dll
0x00007ff8b8c50000 - 0x00007ff8b8c5a000 	C:\Windows\System32\rasadhlp.dll
0x00007ff8b9540000 - 0x00007ff8b95b2000 	C:\WINDOWS\System32\fwpuclnt.dll
0x00007ff8bfc80000 - 0x00007ff8bfca5000 	C:\WINDOWS\SYSTEM32\bcrypt.dll
0x0000000060270000 - 0x0000000060281000 	C:\Program Files\Java\jdk1.8.0_171\jre\bin\nio.dll
0x00007ff8bfb50000 - 0x00007ff8bfb67000 	C:\WINDOWS\SYSTEM32\CRYPTSP.dll
0x00007ff8bf580000 - 0x00007ff8bf5b3000 	C:\WINDOWS\system32\rsaenh.dll
0x00007ff8c0050000 - 0x00007ff8c0078000 	C:\WINDOWS\SYSTEM32\USERENV.dll
0x00007ff8bfb70000 - 0x00007ff8bfb7b000 	C:\WINDOWS\SYSTEM32\CRYPTBASE.dll
0x00007ff8baf60000 - 0x00007ff8baf76000 	C:\WINDOWS\SYSTEM32\dhcpcsvc6.DLL
0x00007ff8baf40000 - 0x00007ff8baf5a000 	C:\WINDOWS\SYSTEM32\dhcpcsvc.DLL

VM Arguments:
jvm_args: -javaagent:C:\Program Files\JetBrains\IntelliJ IDEA 2018.1.3\lib\idea_rt.jar=53978:C:\Program Files\JetBrains\IntelliJ IDEA 2018.1.3\bin -Dfile.encoding=UTF-8 
java_command: cn.com.taiji.SpringSecurityStepByStepApplication
java_class_path (initial): C:\Program Files\Java\jdk1.8.0_171\jre\lib\charsets.jar;C:\Program Files\Java\jdk1.8.0_171\jre\lib\deploy.jar;C:\Program Files\Java\jdk1.8.0_171\jre\lib\ext\access-bridge-64.jar;C:\Program Files\Java\jdk1.8.0_171\jre\lib\ext\cldrdata.jar;C:\Program Files\Java\jdk1.8.0_171\jre\lib\ext\dnsns.jar;C:\Program Files\Java\jdk1.8.0_171\jre\lib\ext\jaccess.jar;C:\Program Files\Java\jdk1.8.0_171\jre\lib\ext\jfxrt.jar;C:\Program Files\Java\jdk1.8.0_171\jre\lib\ext\localedata.jar;C:\Program Files\Java\jdk1.8.0_171\jre\lib\ext\nashorn.jar;C:\Program Files\Java\jdk1.8.0_171\jre\lib\ext\sunec.jar;C:\Program Files\Java\jdk1.8.0_171\jre\lib\ext\sunjce_provider.jar;C:\Program Files\Java\jdk1.8.0_171\jre\lib\ext\sunmscapi.jar;C:\Program Files\Java\jdk1.8.0_171\jre\lib\ext\sunpkcs11.jar;C:\Program Files\Java\jdk1.8.0_171\jre\lib\ext\zipfs.jar;C:\Program Files\Java\jdk1.8.0_171\jre\lib\javaws.jar;C:\Program Files\Java\jdk1.8.0_171\jre\lib\jce.jar;C:\Program Files\Java\jdk1.8.0_171\jre\lib\jfr.jar;C:\Program Files\Java\jdk1.8.0_171\jre\lib\jfxswt.jar;C:\Program Files\Java\jdk1.8.0_171\jre\lib\jsse.jar;C:\Program Files\Java\jdk1.8.0_171\jre\lib\management-agent.jar;C:\Program Files\Java\jdk1.8.0_171\jre\lib\plugin.jar;C:\Program Files\Java\jdk1.8.0_171\jre\lib\resources.jar;C:\Program Files\Java\jdk1.8.0_171\jre\lib\rt.jar;E:\December2\spring-security-step-by-step\target\classes;C:\Users\Administrator\.m2\repository\org\springframework\boot\spring-boot-starter-security\2.1.1.RELEASE\spring-boot-starter-security-2.1.1.RELEASE.jar;C:\Users\Administrator\.m2\repository\org\springframework\boot\spring-boot-starter\2.1.1.RELEASE\spring-boot-starter-2.1.1.RELEASE.jar;C:\Users\Administrator\.m2\repository\org\springframework\boot\spring-boot-starter-logging\2.1.1.RELEASE\spring-boot-starter-logging-2.1.1.RELEASE.jar;C:\Users\Administrator\.m2\repository\ch\qos\logback\logback-classic\1.2.3\logback-classic-1.2.3.jar;C:\Users\Administrator\.m2\repository\ch\qos\logback
Launcher Type: SUN_STANDARD

Environment Variables:
JAVA_HOME=C:\Program Files\Java\jdk1.8.0_171
CLASSPATH=.;C:\Program Files\Java\jdk1.8.0_171\lib;C:\Program Files\Java\jdk1.8.0_171\lib\tools.jarC:\maven\lib;
PATH=C:\Program Files (x86)\Common Files\Oracle\Java\javapath;C:\oraclexe\app\oracle\product\11.2.0\server\bin;C:\maven\bin;C:\Oracle\product\11.2.0\dbhome_1\bin;C:\WINDOWS\system32;C:\WINDOWS;C:\WINDOWS\System32\Wbem;C:\WINDOWS\System32\WindowsPowerShell\v1.0\;C:\Program Files\Intel\WiFi\bin\;C:\Program Files\Common Files\Intel\WirelessCommon\;C:\Program Files (x86)\NVIDIA Corporation\PhysX\Common;C:\WINDOWS\system32;C:\WINDOWS;C:\WINDOWS\System32\Wbem;C:\WINDOWS\System32\WindowsPowerShell\v1.0\;C:\WINDOWS\System32\OpenSSH\;C:\Program Files\TortoiseSVN\bin;C:\Program Files (x86)\Common Files\Thunder Network\KanKan\Codecs;C:\Program Files\Java\jdk1.8.0_171\bin;C:\Program Files\Java\jdk1.8.0_171\jre\bin;C:\Users\Administrator\AppData\Local\Microsoft\WindowsApps;C:\Program Files\Intel\WiFi\bin\;C:\Program Files\Common Files\Intel\WirelessCommon\;C:\Program Files\MySQL\MySQL Server 5.7\bin；
USERNAME=Yuhao Hu
OS=Windows_NT
PROCESSOR_IDENTIFIER=Intel64 Family 6 Model 69 Stepping 1, GenuineIntel



---------------  S Y S T E M  ---------------

OS: Windows 10.0 , 64 bit Build 17134 (10.0.17134.1)

CPU:total 4 (initial active 4) (2 cores per cpu, 2 threads per core) family 6 model 69 stepping 1, cmov, cx8, fxsr, mmx, sse, sse2, sse3, ssse3, sse4.1, sse4.2, popcnt, avx, avx2, aes, clmul, erms, lzcnt, ht, tsc, tscinvbit, bmi1, bmi2

Memory: 4k page, physical 8282476k(1903032k free), swap 10235244k(5720k free)

vm_info: Java HotSpot(TM) 64-Bit Server VM (25.171-b11) for windows-amd64 JRE (1.8.0_171-b11), built on Mar 28 2018 16:06:12 by "java_re" with MS VC++ 10.0 (VS2010)

time: Tue Dec 18 14:28:21 2018
elapsed time: 21 seconds (0d 0h 0m 21s)

